# JRE version: OpenJDK Runtime Environment (8.0_242-b01) (build 1.8.0_242-release-1644-b01)
# Java VM: OpenJDK 64-Bit Server VM (25.242-b01 mixed mode windows-amd64 compressed oops)
Heap:
 PSYoungGen      total 336896K, used 171612K [0x00000000d5580000, 0x00000000f0480000, 0x0000000100000000)
  eden space 303616K, 56% used [0x00000000d5580000,0x00000000dfd17160,0x00000000e7e00000)
  from space 33280K, 0% used [0x00000000e7e00000,0x00000000e7e00000,0x00000000e9e80000)
  to   space 31744K, 0% used [0x00000000ee580000,0x00000000ee580000,0x00000000f0480000)
 ParOldGen       total 281088K, used 59415K [0x0000000080000000, 0x0000000091280000, 0x00000000d5580000)
  object space 281088K, 21% used [0x0000000080000000,0x0000000083a05c38,0x0000000091280000)
 Metaspace       used 97083K, capacity 101554K, committed 101720K, reserved 1136640K
  class space    used 12712K, capacity 13633K, committed 13696K, reserved 1048576K
GC Heap History (10 events):
Event: 16.759 GC heap before
{Heap before GC invocations=15 (full 3):
 PSYoungGen      total 225792K, used 222365K [0x00000000d5580000, 0x00000000e8080000, 0x0000000100000000)
  eden space 204288K, 100% used [0x00000000d5580000,0x00000000e1d00000,0x00000000e1d00000)
  from space 21504K, 84% used [0x00000000e1d00000,0x00000000e2ea7470,0x00000000e3200000)
  to   space 23040K, 0% used [0x00000000e6a00000,0x00000000e6a00000,0x00000000e8080000)
 ParOldGen       total 194560K, used 31464K [0x0000000080000000, 0x000000008be00000, 0x00000000d5580000)
  object space 194560K, 16% used [0x0000000080000000,0x0000000081eba208,0x000000008be00000)
 Metaspace       used 80888K, capacity 84608K, committed 84696K, reserved 1122304K
  class space    used 10970K, capacity 11713K, committed 11776K, reserved 1048576K
Event: 16.782 GC heap after
Heap after GC invocations=15 (full 3):
 PSYoungGen      total 276992K, used 23024K [0x00000000d5580000, 0x00000000e8480000, 0x0000000100000000)
  eden space 253952K, 0% used [0x00000000d5580000,0x00000000d5580000,0x00000000e4d80000)
  from space 23040K, 99% used [0x00000000e6a00000,0x00000000e807c358,0x00000000e8080000)
  to   space 28160K, 0% used [0x00000000e4d80000,0x00000000e4d80000,0x00000000e6900000)
 ParOldGen       total 194560K, used 37417K [0x0000000080000000, 0x000000008be00000, 0x00000000d5580000)
  object space 194560K, 19% used [0x0000000080000000,0x000000008248a408,0x000000008be00000)
 Metaspace       used 80888K, capacity 84608K, committed 84696K, reserved 1122304K
  class space    used 10970K, capacity 11713K, committed 11776K, reserved 1048576K
}
Event: 817.666 GC heap before
{Heap before GC invocations=16 (full 3):
 PSYoungGen      total 276992K, used 276976K [0x00000000d5580000, 0x00000000e8480000, 0x0000000100000000)
  eden space 253952K, 100% used [0x00000000d5580000,0x00000000e4d80000,0x00000000e4d80000)
  from space 23040K, 99% used [0x00000000e6a00000,0x00000000e807c358,0x00000000e8080000)
  to   space 28160K, 0% used [0x00000000e4d80000,0x00000000e4d80000,0x00000000e6900000)
 ParOldGen       total 194560K, used 37417K [0x0000000080000000, 0x000000008be00000, 0x00000000d5580000)
  object space 194560K, 19% used [0x0000000080000000,0x000000008248a408,0x000000008be00000)
 Metaspace       used 87302K, capacity 91584K, committed 91736K, reserved 1128448K
  class space    used 11543K, capacity 12412K, committed 12416K, reserved 1048576K
Event: 817.695 GC heap after
Heap after GC invocations=16 (full 3):
 PSYoungGen      total 282112K, used 28144K [0x00000000d5580000, 0x00000000ec080000, 0x0000000100000000)
  eden space 253952K, 0% used [0x00000000d5580000,0x00000000d5580000,0x00000000e4d80000)
  from space 28160K, 99% used [0x00000000e4d80000,0x00000000e68fc3c8,0x00000000e6900000)
  to   space 33280K, 0% used [0x00000000ea000000,0x00000000ea000000,0x00000000ec080000)
 ParOldGen       total 194560K, used 41148K [0x0000000080000000, 0x000000008be00000, 0x00000000d5580000)
  object space 194560K, 21% used [0x0000000080000000,0x000000008282f0b8,0x000000008be00000)
 Metaspace       used 87302K, capacity 91584K, committed 91736K, reserved 1128448K
  class space    used 11543K, capacity 12412K, committed 12416K, reserved 1048576K
}
Event: 821.757 GC heap before
{Heap before GC invocations=17 (full 3):
 PSYoungGen      total 282112K, used 282096K [0x00000000d5580000, 0x00000000ec080000, 0x0000000100000000)
  eden space 253952K, 100% used [0x00000000d5580000,0x00000000e4d80000,0x00000000e4d80000)
  from space 28160K, 99% used [0x00000000e4d80000,0x00000000e68fc3c8,0x00000000e6900000)
  to   space 33280K, 0% used [0x00000000ea000000,0x00000000ea000000,0x00000000ec080000)
 ParOldGen       total 194560K, used 41148K [0x0000000080000000, 0x000000008be00000, 0x00000000d5580000)
  object space 194560K, 21% used [0x0000000080000000,0x000000008282f0b8,0x000000008be00000)
 Metaspace       used 92856K, capacity 97448K, committed 97624K, reserved 1134592K
  class space    used 12152K, capacity 13110K, committed 13184K, reserved 1048576K
Event: 821.802 GC heap after
Heap after GC invocations=17 (full 3):
 PSYoungGen      total 335360K, used 18988K [0x00000000d5580000, 0x00000000ebf00000, 0x0000000100000000)
  eden space 303616K, 0% used [0x00000000d5580000,0x00000000d5580000,0x00000000e7e00000)
  from space 31744K, 59% used [0x00000000ea000000,0x00000000eb28b258,0x00000000ebf00000)
  to   space 33280K, 0% used [0x00000000e7e00000,0x00000000e7e00000,0x00000000e9e80000)
 ParOldGen       total 194560K, used 61620K [0x0000000080000000, 0x000000008be00000, 0x00000000d5580000)
  object space 194560K, 31% used [0x0000000080000000,0x0000000083c2d3c0,0x000000008be00000)
 Metaspace       used 92856K, capacity 97448K, committed 97624K, reserved 1134592K
  class space    used 12152K, capacity 13110K, committed 13184K, reserved 1048576K
}
Event: 822.097 GC heap before
{Heap before GC invocations=18 (full 3):
 PSYoungGen      total 335360K, used 40638K [0x00000000d5580000, 0x00000000ebf00000, 0x0000000100000000)
  eden space 303616K, 7% used [0x00000000d5580000,0x00000000d6aa4758,0x00000000e7e00000)
  from space 31744K, 59% used [0x00000000ea000000,0x00000000eb28b258,0x00000000ebf00000)
  to   space 33280K, 0% used [0x00000000e7e00000,0x00000000e7e00000,0x00000000e9e80000)
 ParOldGen       total 194560K, used 61620K [0x0000000080000000, 0x000000008be00000, 0x00000000d5580000)
  object space 194560K, 31% used [0x0000000080000000,0x0000000083c2d3c0,0x000000008be00000)
 Metaspace       used 93620K, capacity 98238K, committed 98380K, reserved 1134592K
  class space    used 12252K, capacity 13219K, committed 13312K, reserved 1048576K
Event: 822.109 GC heap after
Heap after GC invocations=18 (full 3):
 PSYoungGen      total 336896K, used 17151K [0x00000000d5580000, 0x00000000f0480000, 0x0000000100000000)
  eden space 303616K, 0% used [0x00000000d5580000,0x00000000d5580000,0x00000000e7e00000)
  from space 33280K, 51% used [0x00000000e7e00000,0x00000000e8ebff68,0x00000000e9e80000)
  to   space 31744K, 0% used [0x00000000ee580000,0x00000000ee580000,0x00000000f0480000)
 ParOldGen       total 194560K, used 61628K [0x0000000080000000, 0x000000008be00000, 0x00000000d5580000)
  object space 194560K, 31% used [0x0000000080000000,0x0000000083c2f3c0,0x000000008be00000)
 Metaspace       used 93620K, capacity 98238K, committed 98380K, reserved 1134592K
  class space    used 12252K, capacity 13219K, committed 13312K, reserved 1048576K
}
Event: 822.109 GC heap before
{Heap before GC invocations=19 (full 4):
 PSYoungGen      total 336896K, used 17151K [0x00000000d5580000, 0x00000000f0480000, 0x0000000100000000)
  eden space 303616K, 0% used [0x00000000d5580000,0x00000000d5580000,0x00000000e7e00000)
  from space 33280K, 51% used [0x00000000e7e00000,0x00000000e8ebff68,0x00000000e9e80000)
  to   space 31744K, 0% used [0x00000000ee580000,0x00000000ee580000,0x00000000f0480000)
 ParOldGen       total 194560K, used 61628K [0x0000000080000000, 0x000000008be00000, 0x00000000d5580000)
  object space 194560K, 31% used [0x0000000080000000,0x0000000083c2f3c0,0x000000008be00000)
 Metaspace       used 93620K, capacity 98238K, committed 98380K, reserved 1134592K
  class space    used 12252K, capacity 13219K, committed 13312K, reserved 1048576K
Event: 822.255 GC heap after
Heap after GC invocations=19 (full 4):
 PSYoungGen      total 336896K, used 0K [0x00000000d5580000, 0x00000000f0480000, 0x0000000100000000)
  eden space 303616K, 0% used [0x00000000d5580000,0x00000000d5580000,0x00000000e7e00000)
  from space 33280K, 0% used [0x00000000e7e00000,0x00000000e7e00000,0x00000000e9e80000)
  to   space 31744K, 0% used [0x00000000ee580000,0x00000000ee580000,0x00000000f0480000)
 ParOldGen       total 281088K, used 59415K [0x0000000080000000, 0x0000000091280000, 0x00000000d5580000)
  object space 281088K, 21% used [0x0000000080000000,0x0000000083a05c38,0x0000000091280000)
 Metaspace       used 93484K, capacity 97824K, committed 98380K, reserved 1134592K
  class space    used 12207K, capacity 13138K, committed 13312K, reserved 1048576K
}

